<?xml version="1.0" encoding="utf-8"?><testsuites name="pytest tests"><testsuite name="pytest" errors="0" failures="0" skipped="0" tests="4" time="1.902" timestamp="2026-06-17T12:18:47.593357+00:00" hostname="agent-env-5716e593-4bc2-4c39-a1d3-ef8cff7d3a94"><testcase classname="backend.tests.test_crm_api" name="test_invoice_acumular_2" time="0.695" /><testcase classname="backend.tests.test_crm_api" name="test_invoice_acumular_4_then_gastar" time="0.409" /><testcase classname="backend.tests.test_crm_api" name="test_invoice_ninguno" time="0.301" /><testcase classname="backend.tests.test_crm_api" name="test_invoice_delete_reverts_saldo" time="0.405" /></testsuite></testsuites>